<?xml version="1.0" encoding="UTF-8"?>
<!-- Generated by org.testng.reporters.JUnitReportReporter -->
<testsuite skipped="0" hostname="KPs-HP" name="gov.uk.check.visa.testsuite.VisaConfirmationTest" tests="3" failures="0" timestamp="2022-12-16T20:17:49 GMT" time="35.677" errors="0">
  <testcase name="anAustralianCominToUKForTourism" time="8.190" classname="gov.uk.check.visa.testsuite.VisaConfirmationTest"/>
  <system-out>
    <![CDATA[Clicking on start now button
Selecting Nationality from dropdown
Clicking on next step button
Clicking on reason tourism
Clicking on continue button
Expected message to compare
Getting result message]]>
  </system-out>
  <testcase name="aChileanComingToTheUKForWorkAndPlansOnStayingForLongerThanSixMonths" time="10.454" classname="gov.uk.check.visa.testsuite.VisaConfirmationTest"/>
  <system-out>
    <![CDATA[Clicking on start now button
Selecting Nationality from dropdown
Clicking on next step button
Clicking on reason tourism
Clicking on continue button
Expected message to compare
Getting result message]]>
  </system-out>
  <testcase name="aColumbianNationalComingToTheUKToJoinAPartnerForALongStayTheyDoHaveAnArticle10Or20Card" time="17.033" classname="gov.uk.check.visa.testsuite.VisaConfirmationTest"/>
  <system-out>
    <![CDATA[Clicking on start now button
Selecting Nationality from dropdown
Clicking on next step button
Clicking on reason tourism
Clicking on continue button
Expected message to compare
Getting result message]]>
  </system-out>
</testsuite> <!-- gov.uk.check.visa.testsuite.VisaConfirmationTest -->
